{"total": {"lines":{"total":68,"covered":63,"skipped":0,"pct":92.64},"statements":{"total":74,"covered":68,"skipped":0,"pct":91.89},"functions":{"total":24,"covered":23,"skipped":0,"pct":95.83},"branches":{"total":11,"covered":7,"skipped":0,"pct":63.63},"branchesTrue":{"total":0,"covered":0,"skipped":0,"pct":100}}
,"/home/gppereira/Projects/notion-formatter/src/Formatter.ts": {"lines":{"total":26,"covered":24,"skipped":0,"pct":92.3},"functions":{"total":6,"covered":6,"skipped":0,"pct":100},"statements":{"total":30,"covered":27,"skipped":0,"pct":90},"branches":{"total":3,"covered":2,"skipped":0,"pct":66.66}}
,"/home/gppereira/Projects/notion-formatter/src/Notion.ts": {"lines":{"total":30,"covered":27,"skipped":0,"pct":90},"functions":{"total":14,"covered":13,"skipped":0,"pct":92.85},"statements":{"total":32,"covered":29,"skipped":0,"pct":90.62},"branches":{"total":8,"covered":5,"skipped":0,"pct":62.5}}
,"/home/gppereira/Projects/notion-formatter/test/mocks/MockNotion.ts": {"lines":{"total":12,"covered":12,"skipped":0,"pct":100},"functions":{"total":4,"covered":4,"skipped":0,"pct":100},"statements":{"total":12,"covered":12,"skipped":0,"pct":100},"branches":{"total":0,"covered":0,"skipped":0,"pct":100}}
}
